<?xml version="1.0" encoding="UTF-8"?>
<!-- Generated by org.testng.reporters.JUnitXMLReporter -->
<testsuite ignored="0" hostname="SosoOthman" failures="0" tests="6" name="Default test" time="12.996" errors="0" timestamp="2025-06-24T03:29:05 PDT">
  <testcase classname="SwagLabAutomation.SwagLabAutomation.AppTest" name="LogIn" time="5.374"/>
  <testcase classname="SwagLabAutomation.SwagLabAutomation.AppTest" name="AddToCartButtons" time="0.343"/>
  <testcase classname="SwagLabAutomation.SwagLabAutomation.AppTest" name="RemoveButtons" time="5.312"/>
  <testcase classname="SwagLabAutomation.SwagLabAutomation.AppTest" name="Items" time="0.086"/>
  <testcase classname="SwagLabAutomation.SwagLabAutomation.AppTest" name="PrintTheLetterT" time="0.071"/>
  <testcase classname="SwagLabAutomation.SwagLabAutomation.AppTest" name="PrintTheNamed" time="0.066"/>
</testsuite> <!-- Default test -->
