<?xml version="1.0" encoding="UTF-8"?>
<testng-results ignored="0" total="6" passed="6" failed="0" skipped="0">
  <reporter-output>
  </reporter-output>
  <suite started-at="2025-06-24T03:28:52 PDT" name="Default suite" finished-at="2025-06-24T03:29:05 PDT" duration-ms="12996">
    <groups>
    </groups>
    <test started-at="2025-06-24T03:28:52 PDT" name="Default test" finished-at="2025-06-24T03:29:05 PDT" duration-ms="12996">
      <class name="SwagLabAutomation.SwagLabAutomation.AppTest">
        <test-method is-config="true" signature="SetUp()[pri:0, instance:SwagLabAutomation.SwagLabAutomation.AppTest@6ff65192]" started-at="2025-06-24T03:28:52 PDT" name="SetUp" finished-at="2025-06-24T03:28:54 PDT" duration-ms="1677" status="PASS">
          <reporter-output>
          </reporter-output>
        </test-method> <!-- SetUp -->
        <test-method signature="LogIn()[pri:1, instance:SwagLabAutomation.SwagLabAutomation.AppTest@6ff65192]" started-at="2025-06-24T03:28:54 PDT" name="LogIn" finished-at="2025-06-24T03:28:59 PDT" duration-ms="5374" status="PASS">
          <reporter-output>
          </reporter-output>
        </test-method> <!-- LogIn -->
        <test-method signature="AddToCartButtons()[pri:2, instance:SwagLabAutomation.SwagLabAutomation.AppTest@6ff65192]" started-at="2025-06-24T03:28:59 PDT" name="AddToCartButtons" finished-at="2025-06-24T03:29:00 PDT" duration-ms="343" status="PASS">
          <reporter-output>
          </reporter-output>
        </test-method> <!-- AddToCartButtons -->
        <test-method signature="RemoveButtons()[pri:3, instance:SwagLabAutomation.SwagLabAutomation.AppTest@6ff65192]" started-at="2025-06-24T03:29:00 PDT" name="RemoveButtons" finished-at="2025-06-24T03:29:05 PDT" duration-ms="5312" status="PASS">
          <reporter-output>
          </reporter-output>
        </test-method> <!-- RemoveButtons -->
        <test-method signature="Items()[pri:4, instance:SwagLabAutomation.SwagLabAutomation.AppTest@6ff65192]" started-at="2025-06-24T03:29:05 PDT" name="Items" finished-at="2025-06-24T03:29:05 PDT" duration-ms="86" status="PASS">
          <reporter-output>
          </reporter-output>
        </test-method> <!-- Items -->
        <test-method signature="PrintTheLetterT()[pri:5, instance:SwagLabAutomation.SwagLabAutomation.AppTest@6ff65192]" started-at="2025-06-24T03:29:05 PDT" name="PrintTheLetterT" finished-at="2025-06-24T03:29:05 PDT" duration-ms="71" status="PASS">
          <reporter-output>
          </reporter-output>
        </test-method> <!-- PrintTheLetterT -->
        <test-method signature="PrintTheNamed()[pri:6, instance:SwagLabAutomation.SwagLabAutomation.AppTest@6ff65192]" started-at="2025-06-24T03:29:05 PDT" name="PrintTheNamed" finished-at="2025-06-24T03:29:05 PDT" duration-ms="66" status="PASS">
          <reporter-output>
          </reporter-output>
        </test-method> <!-- PrintTheNamed -->
      </class> <!-- SwagLabAutomation.SwagLabAutomation.AppTest -->
    </test> <!-- Default test -->
  </suite> <!-- Default suite -->
</testng-results>
